<?xml version="1.0" encoding="UTF-8"?>
<testng-results ignored="0" total="1" passed="1" failed="0" skipped="0">
  <reporter-output>
  </reporter-output>
  <suite started-at="2023-07-13T07:07:21Z" name="Default suite" finished-at="2023-07-13T07:07:21Z" duration-ms="262">
    <groups>
    </groups>
    <test started-at="2023-07-13T07:07:21Z" name="Default test" finished-at="2023-07-13T07:07:21Z" duration-ms="262">
      <class name="sample.practiceTEST">
        <test-method signature="mtest()[pri:0, instance:sample.practiceTEST@7ceb3185]" started-at="2023-07-13T07:07:21Z" name="mtest" finished-at="2023-07-13T07:07:21Z" duration-ms="70" status="PASS">
          <reporter-output>
          </reporter-output>
        </test-method> <!-- mtest -->
      </class> <!-- sample.practiceTEST -->
    </test> <!-- Default test -->
  </suite> <!-- Default suite -->
</testng-results>
